{"/Users/pragathi.pasumarthi/Documents/tectonic/seismic-component/src/my-tag/index.js": {"path":"/Users/pragathi.pasumarthi/Documents/tectonic/seismic-component/src/my-tag/index.js","statementMap":{"0":{"start":{"line":3,"column":37},"end":{"line":3,"column":48}},"1":{"start":{"line":5,"column":0},"end":{"line":38,"column":null}},"2":{"start":{"line":6,"column":34},"end":{"line":6,"column":36}},"3":{"start":{"line":7,"column":24},"end":{"line":7,"column":29}},"4":{"start":{"line":8,"column":8},"end":{"line":22,"column":null}},"5":{"start":{"line":12,"column":58},"end":{"line":12,"column":95}},"6":{"start":{"line":17,"column":58},"end":{"line":17,"column":87}},"7":{"start":{"line":26,"column":29},"end":{"line":26,"column":34}},"8":{"start":{"line":27,"column":8},"end":{"line":27,"column":null}},"9":{"start":{"line":34,"column":68},"end":{"line":34,"column":70}},"10":{"start":{"line":35,"column":12},"end":{"line":35,"column":null}}},"fnMap":{"0":{"name":"(anonymous_0)","decl":{"start":{"line":6,"column":4},"end":{"line":6,"column":8}},"loc":{"start":{"line":6,"column":36},"end":{"line":24,"column":5}}},"1":{"name":"(anonymous_1)","decl":{"start":{"line":12,"column":52},"end":{"line":12,"column":58}},"loc":{"start":{"line":12,"column":58},"end":{"line":12,"column":95}}},"2":{"name":"(anonymous_2)","decl":{"start":{"line":17,"column":52},"end":{"line":17,"column":58}},"loc":{"start":{"line":17,"column":58},"end":{"line":17,"column":87}}},"3":{"name":"(anonymous_3)","decl":{"start":{"line":25,"column":4},"end":{"line":25,"column":18}},"loc":{"start":{"line":25,"column":26},"end":{"line":28,"column":5}}},"4":{"name":"(anonymous_4)","decl":{"start":{"line":34,"column":8},"end":{"line":34,"column":9}},"loc":{"start":{"line":34,"column":70},"end":{"line":36,"column":null}}}},"branchMap":{},"s":{"0":1,"1":1,"2":0,"3":0,"4":0,"5":0,"6":0,"7":0,"8":0,"9":0,"10":0},"f":{"0":0,"1":0,"2":0,"3":0,"4":0},"b":{}}
,"/Users/pragathi.pasumarthi/Documents/tectonic/seismic-component/src/my-tag/drivers/myTag.driver.js": {"path":"/Users/pragathi.pasumarthi/Documents/tectonic/seismic-component/src/my-tag/drivers/myTag.driver.js","statementMap":{"0":{"start":{"line":7,"column":33},"end":{"line":79,"column":1}},"1":{"start":{"line":9,"column":16},"end":{"line":9,"column":21}},"2":{"start":{"line":10,"column":2},"end":{"line":77,"column":null}},"3":{"start":{"line":16,"column":25},"end":{"line":16,"column":59}},"4":{"start":{"line":17,"column":17},"end":{"line":17,"column":45}},"5":{"start":{"line":18,"column":4},"end":{"line":18,"column":null}},"6":{"start":{"line":18,"column":15},"end":{"line":18,"column":null}},"7":{"start":{"line":20,"column":18},"end":{"line":20,"column":46}},"8":{"start":{"line":21,"column":4},"end":{"line":21,"column":null}},"9":{"start":{"line":29,"column":28},"end":{"line":29,"column":66}},"10":{"start":{"line":30,"column":4},"end":{"line":30,"column":null}},"11":{"start":{"line":38,"column":24},"end":{"line":38,"column":62}},"12":{"start":{"line":39,"column":4},"end":{"line":39,"column":null}},"13":{"start":{"line":47,"column":28},"end":{"line":47,"column":66}},"14":{"start":{"line":48,"column":4},"end":{"line":48,"column":null}},"15":{"start":{"line":56,"column":24},"end":{"line":56,"column":62}},"16":{"start":{"line":57,"column":4},"end":{"line":57,"column":null}},"17":{"start":{"line":65,"column":20},"end":{"line":65,"column":36}},"18":{"start":{"line":66,"column":4},"end":{"line":66,"column":null}},"19":{"start":{"line":74,"column":29},"end":{"line":74,"column":46}},"20":{"start":{"line":75,"column":4},"end":{"line":75,"column":null}}},"fnMap":{"0":{"name":"(anonymous_0)","decl":{"start":{"line":9,"column":1},"end":{"line":9,"column":8}},"loc":{"start":{"line":9,"column":21},"end":{"line":78,"column":null}}},"1":{"name":"(anonymous_1)","decl":{"start":{"line":15,"column":3},"end":{"line":15,"column":9}},"loc":{"start":{"line":15,"column":25},"end":{"line":22,"column":4}}},"2":{"name":"(anonymous_2)","decl":{"start":{"line":28,"column":3},"end":{"line":28,"column":9}},"loc":{"start":{"line":28,"column":32},"end":{"line":31,"column":4}}},"3":{"name":"(anonymous_3)","decl":{"start":{"line":37,"column":3},"end":{"line":37,"column":9}},"loc":{"start":{"line":37,"column":28},"end":{"line":40,"column":4}}},"4":{"name":"(anonymous_4)","decl":{"start":{"line":46,"column":3},"end":{"line":46,"column":9}},"loc":{"start":{"line":46,"column":34},"end":{"line":49,"column":4}}},"5":{"name":"(anonymous_5)","decl":{"start":{"line":55,"column":3},"end":{"line":55,"column":9}},"loc":{"start":{"line":55,"column":30},"end":{"line":58,"column":4}}},"6":{"name":"(anonymous_6)","decl":{"start":{"line":64,"column":3},"end":{"line":64,"column":9}},"loc":{"start":{"line":64,"column":26},"end":{"line":67,"column":4}}},"7":{"name":"(anonymous_7)","decl":{"start":{"line":73,"column":3},"end":{"line":73,"column":9}},"loc":{"start":{"line":73,"column":31},"end":{"line":76,"column":null}}}},"branchMap":{"0":{"loc":{"start":{"line":18,"column":4},"end":{"line":18,"column":null}},"type":"if","locations":[{"start":{"line":18,"column":4},"end":{"line":18,"column":null}},{"start":{"line":18,"column":4},"end":{"line":18,"column":null}}]},"1":{"loc":{"start":{"line":21,"column":19},"end":{"line":21,"column":41}},"type":"cond-expr","locations":[{"start":{"line":21,"column":19},"end":{"line":21,"column":41}},{"start":{"line":21,"column":44},"end":{"line":21,"column":45}}]}},"s":{"0":1,"1":2,"2":2,"3":4,"4":4,"5":4,"6":4,"7":0,"8":0,"9":6,"10":6,"11":2,"12":2,"13":1,"14":1,"15":1,"16":1,"17":1,"18":1,"19":1,"20":1},"f":{"0":2,"1":4,"2":6,"3":2,"4":1,"5":1,"6":1,"7":1},"b":{"0":[4,0],"1":[0,0]}}
}
