TN:
SF:src/my-tag/index.js
FN:6,(anonymous_0)
FN:12,(anonymous_1)
FN:17,(anonymous_2)
FN:25,(anonymous_3)
FN:34,(anonymous_4)
FNF:5
FNH:0
FNDA:0,(anonymous_0)
FNDA:0,(anonymous_1)
FNDA:0,(anonymous_2)
FNDA:0,(anonymous_3)
FNDA:0,(anonymous_4)
DA:3,1
DA:5,1
DA:6,0
DA:7,0
DA:8,0
DA:12,0
DA:17,0
DA:26,0
DA:27,0
DA:34,0
DA:35,0
LF:11
LH:2
BRF:0
BRH:0
end_of_record
TN:
SF:src/my-tag/drivers/myTag.driver.js
FN:9,(anonymous_0)
FN:15,(anonymous_1)
FN:28,(anonymous_2)
FN:37,(anonymous_3)
FN:46,(anonymous_4)
FN:55,(anonymous_5)
FN:64,(anonymous_6)
FN:73,(anonymous_7)
FNF:8
FNH:8
FNDA:2,(anonymous_0)
FNDA:4,(anonymous_1)
FNDA:6,(anonymous_2)
FNDA:2,(anonymous_3)
FNDA:1,(anonymous_4)
FNDA:1,(anonymous_5)
FNDA:1,(anonymous_6)
FNDA:1,(anonymous_7)
DA:7,1
DA:9,2
DA:10,2
DA:16,4
DA:17,4
DA:18,4
DA:20,0
DA:21,0
DA:29,6
DA:30,6
DA:38,2
DA:39,2
DA:47,1
DA:48,1
DA:56,1
DA:57,1
DA:65,1
DA:66,1
DA:74,1
DA:75,1
LF:20
LH:18
BRDA:18,0,0,4
BRDA:18,0,1,0
BRDA:21,1,0,0
BRDA:21,1,1,0
BRF:4
BRH:1
end_of_record
