<?xml version="1.0" encoding="UTF-8"?>
<coverage generated="1764843613008" clover="3.2.0">
  <project timestamp="1764843613008" name="All files">
    <metrics statements="139" coveredstatements="0" conditionals="6" coveredconditionals="0" methods="45" coveredmethods="0" elements="190" coveredelements="0" complexity="0" loc="139" ncloc="139" packages="10" files="12" classes="12"/>
    <package name="src">
      <metrics statements="0" coveredstatements="0" conditionals="0" coveredconditionals="0" methods="0" coveredmethods="0"/>
      <file name="index.js" path="/Users/pragathi.pasumarthi/Documents/tectonic/seismic-component/src/index.js">
        <metrics statements="0" coveredstatements="0" conditionals="0" coveredconditionals="0" methods="0" coveredmethods="0"/>
      </file>
    </package>
    <package name="src.component-action-handler">
      <metrics statements="14" coveredstatements="0" conditionals="0" coveredconditionals="0" methods="6" coveredmethods="0"/>
      <file name="index.js" path="/Users/pragathi.pasumarthi/Documents/tectonic/seismic-component/src/component-action-handler/index.js">
        <metrics statements="14" coveredstatements="0" conditionals="0" coveredconditionals="0" methods="6" coveredmethods="0"/>
        <line num="5" count="0" type="stmt"/>
        <line num="7" count="0" type="stmt"/>
        <line num="8" count="0" type="stmt"/>
        <line num="9" count="0" type="stmt"/>
        <line num="10" count="0" type="stmt"/>
        <line num="12" count="0" type="stmt"/>
        <line num="20" count="0" type="stmt"/>
        <line num="27" count="0" type="stmt"/>
        <line num="32" count="0" type="stmt"/>
        <line num="35" count="0" type="stmt"/>
        <line num="38" count="0" type="stmt"/>
        <line num="39" count="0" type="stmt"/>
        <line num="42" count="0" type="stmt"/>
        <line num="50" count="0" type="stmt"/>
      </file>
    </package>
    <package name="src.component-context">
      <metrics statements="3" coveredstatements="0" conditionals="0" coveredconditionals="0" methods="1" coveredmethods="0"/>
      <file name="index.js" path="/Users/pragathi.pasumarthi/Documents/tectonic/seismic-component/src/component-context/index.js">
        <metrics statements="3" coveredstatements="0" conditionals="0" coveredconditionals="0" methods="1" coveredmethods="0"/>
        <line num="5" count="0" type="stmt"/>
        <line num="18" count="0" type="stmt"/>
        <line num="30" count="0" type="stmt"/>
      </file>
    </package>
    <package name="src.component-lifecycle-action-handler">
      <metrics statements="8" coveredstatements="0" conditionals="2" coveredconditionals="0" methods="3" coveredmethods="0"/>
      <file name="index.js" path="/Users/pragathi.pasumarthi/Documents/tectonic/seismic-component/src/component-lifecycle-action-handler/index.js">
        <metrics statements="8" coveredstatements="0" conditionals="2" coveredconditionals="0" methods="3" coveredmethods="0"/>
        <line num="4" count="0" type="stmt"/>
        <line num="5" count="0" type="stmt"/>
        <line num="6" count="0" type="stmt"/>
        <line num="23" count="0" type="stmt"/>
        <line num="30" count="0" type="stmt"/>
        <line num="31" count="0" type="cond" truecount="0" falsecount="2"/>
        <line num="33" count="0" type="stmt"/>
        <line num="41" count="0" type="stmt"/>
      </file>
    </package>
    <package name="src.component-update-properties">
      <metrics statements="3" coveredstatements="0" conditionals="0" coveredconditionals="0" methods="2" coveredmethods="0"/>
      <file name="index.js" path="/Users/pragathi.pasumarthi/Documents/tectonic/seismic-component/src/component-update-properties/index.js">
        <metrics statements="3" coveredstatements="0" conditionals="0" coveredconditionals="0" methods="2" coveredmethods="0"/>
        <line num="4" count="0" type="stmt"/>
        <line num="5" count="0" type="stmt"/>
        <line num="8" count="0" type="stmt"/>
      </file>
    </package>
    <package name="src.component-view">
      <metrics statements="4" coveredstatements="0" conditionals="0" coveredconditionals="0" methods="3" coveredmethods="0"/>
      <file name="index.js" path="/Users/pragathi.pasumarthi/Documents/tectonic/seismic-component/src/component-view/index.js">
        <metrics statements="4" coveredstatements="0" conditionals="0" coveredconditionals="0" methods="3" coveredmethods="0"/>
        <line num="4" count="0" type="stmt"/>
        <line num="7" count="0" type="stmt"/>
        <line num="12" count="0" type="stmt"/>
        <line num="24" count="0" type="stmt"/>
      </file>
    </package>
    <package name="src.example-hello-world">
      <metrics statements="3" coveredstatements="0" conditionals="0" coveredconditionals="0" methods="1" coveredmethods="0"/>
      <file name="index.js" path="/Users/pragathi.pasumarthi/Documents/tectonic/seismic-component/src/example-hello-world/index.js">
        <metrics statements="3" coveredstatements="0" conditionals="0" coveredconditionals="0" methods="1" coveredmethods="0"/>
        <line num="5" count="0" type="stmt"/>
        <line num="6" count="0" type="stmt"/>
        <line num="13" count="0" type="stmt"/>
      </file>
    </package>
    <package name="src.my-tag">
      <metrics statements="10" coveredstatements="0" conditionals="0" coveredconditionals="0" methods="5" coveredmethods="0"/>
      <file name="constants.js" path="/Users/pragathi.pasumarthi/Documents/tectonic/seismic-component/src/my-tag/constants.js">
        <metrics statements="1" coveredstatements="0" conditionals="0" coveredconditionals="0" methods="0" coveredmethods="0"/>
        <line num="4" count="0" type="stmt"/>
      </file>
      <file name="index.js" path="/Users/pragathi.pasumarthi/Documents/tectonic/seismic-component/src/my-tag/index.js">
        <metrics statements="9" coveredstatements="0" conditionals="0" coveredconditionals="0" methods="5" coveredmethods="0"/>
        <line num="3" count="0" type="stmt"/>
        <line num="5" count="0" type="stmt"/>
        <line num="7" count="0" type="stmt"/>
        <line num="8" count="0" type="stmt"/>
        <line num="12" count="0" type="stmt"/>
        <line num="17" count="0" type="stmt"/>
        <line num="26" count="0" type="stmt"/>
        <line num="27" count="0" type="stmt"/>
        <line num="35" count="0" type="stmt"/>
      </file>
    </package>
    <package name="src.my-tag.__func__">
      <metrics statements="71" coveredstatements="0" conditionals="0" coveredconditionals="0" methods="15" coveredmethods="0"/>
      <file name="myTag.func.test.js" path="/Users/pragathi.pasumarthi/Documents/tectonic/seismic-component/src/my-tag/__func__/myTag.func.test.js">
        <metrics statements="71" coveredstatements="0" conditionals="0" coveredconditionals="0" methods="15" coveredmethods="0"/>
        <line num="13" count="0" type="stmt"/>
        <line num="15" count="0" type="stmt"/>
        <line num="17" count="0" type="stmt"/>
        <line num="25" count="0" type="stmt"/>
        <line num="26" count="0" type="stmt"/>
        <line num="27" count="0" type="stmt"/>
        <line num="30" count="0" type="stmt"/>
        <line num="31" count="0" type="stmt"/>
        <line num="32" count="0" type="stmt"/>
        <line num="33" count="0" type="stmt"/>
        <line num="36" count="0" type="stmt"/>
        <line num="37" count="0" type="stmt"/>
        <line num="38" count="0" type="stmt"/>
        <line num="40" count="0" type="stmt"/>
        <line num="41" count="0" type="stmt"/>
        <line num="44" count="0" type="stmt"/>
        <line num="45" count="0" type="stmt"/>
        <line num="46" count="0" type="stmt"/>
        <line num="49" count="0" type="stmt"/>
        <line num="50" count="0" type="stmt"/>
        <line num="51" count="0" type="stmt"/>
        <line num="53" count="0" type="stmt"/>
        <line num="54" count="0" type="stmt"/>
        <line num="57" count="0" type="stmt"/>
        <line num="58" count="0" type="stmt"/>
        <line num="59" count="0" type="stmt"/>
        <line num="61" count="0" type="stmt"/>
        <line num="62" count="0" type="stmt"/>
        <line num="65" count="0" type="stmt"/>
        <line num="67" count="0" type="stmt"/>
        <line num="68" count="0" type="stmt"/>
        <line num="69" count="0" type="stmt"/>
        <line num="70" count="0" type="stmt"/>
        <line num="71" count="0" type="stmt"/>
        <line num="72" count="0" type="stmt"/>
        <line num="74" count="0" type="stmt"/>
        <line num="75" count="0" type="stmt"/>
        <line num="78" count="0" type="stmt"/>
        <line num="79" count="0" type="stmt"/>
        <line num="80" count="0" type="stmt"/>
        <line num="82" count="0" type="stmt"/>
        <line num="83" count="0" type="stmt"/>
        <line num="86" count="0" type="stmt"/>
        <line num="87" count="0" type="stmt"/>
        <line num="91" count="0" type="stmt"/>
        <line num="92" count="0" type="stmt"/>
        <line num="96" count="0" type="stmt"/>
        <line num="97" count="0" type="stmt"/>
        <line num="98" count="0" type="stmt"/>
        <line num="99" count="0" type="stmt"/>
        <line num="102" count="0" type="stmt"/>
        <line num="104" count="0" type="stmt"/>
        <line num="105" count="0" type="stmt"/>
        <line num="107" count="0" type="stmt"/>
        <line num="111" count="0" type="stmt"/>
        <line num="112" count="0" type="stmt"/>
        <line num="116" count="0" type="stmt"/>
        <line num="117" count="0" type="stmt"/>
        <line num="118" count="0" type="stmt"/>
        <line num="121" count="0" type="stmt"/>
        <line num="123" count="0" type="stmt"/>
        <line num="125" count="0" type="stmt"/>
        <line num="130" count="0" type="stmt"/>
        <line num="131" count="0" type="stmt"/>
        <line num="133" count="0" type="stmt"/>
        <line num="134" count="0" type="stmt"/>
        <line num="137" count="0" type="stmt"/>
        <line num="140" count="0" type="stmt"/>
        <line num="141" count="0" type="stmt"/>
        <line num="144" count="0" type="stmt"/>
        <line num="145" count="0" type="stmt"/>
      </file>
      <file name="myTag.simple.func.test.js" path="/Users/pragathi.pasumarthi/Documents/tectonic/seismic-component/src/my-tag/__func__/myTag.simple.func.test.js">
        <metrics statements="0" coveredstatements="0" conditionals="0" coveredconditionals="0" methods="0" coveredmethods="0"/>
      </file>
    </package>
    <package name="src.my-tag.drivers">
      <metrics statements="23" coveredstatements="0" conditionals="4" coveredconditionals="0" methods="9" coveredmethods="0"/>
      <file name="myTag.driver.js" path="/Users/pragathi.pasumarthi/Documents/tectonic/seismic-component/src/my-tag/drivers/myTag.driver.js">
        <metrics statements="23" coveredstatements="0" conditionals="4" coveredconditionals="0" methods="9" coveredmethods="0"/>
        <line num="8" count="0" type="stmt"/>
        <line num="12" count="0" type="stmt"/>
        <line num="13" count="0" type="stmt"/>
        <line num="14" count="0" type="stmt"/>
        <line num="15" count="0" type="stmt"/>
        <line num="18" count="0" type="stmt"/>
        <line num="24" count="0" type="stmt"/>
        <line num="25" count="0" type="stmt"/>
        <line num="26" count="0" type="cond" truecount="0" falsecount="2"/>
        <line num="28" count="0" type="stmt"/>
        <line num="29" count="0" type="cond" truecount="0" falsecount="2"/>
        <line num="37" count="0" type="stmt"/>
        <line num="38" count="0" type="stmt"/>
        <line num="46" count="0" type="stmt"/>
        <line num="47" count="0" type="stmt"/>
        <line num="55" count="0" type="stmt"/>
        <line num="56" count="0" type="stmt"/>
        <line num="64" count="0" type="stmt"/>
        <line num="65" count="0" type="stmt"/>
        <line num="73" count="0" type="stmt"/>
        <line num="74" count="0" type="stmt"/>
        <line num="82" count="0" type="stmt"/>
        <line num="83" count="0" type="stmt"/>
      </file>
    </package>
  </project>
</coverage>
