{"/Users/pragathi.pasumarthi/Documents/tectonic/seismic-component/src/index.js": {"path":"/Users/pragathi.pasumarthi/Documents/tectonic/seismic-component/src/index.js","statementMap":{},"fnMap":{},"branchMap":{},"s":{},"f":{},"b":{}}
,"/Users/pragathi.pasumarthi/Documents/tectonic/seismic-component/src/component-action-handler/index.js": {"path":"/Users/pragathi.pasumarthi/Documents/tectonic/seismic-component/src/component-action-handler/index.js","statementMap":{"0":{"start":{"line":5,"column":31},"end":{"line":5,"column":40}},"1":{"start":{"line":7,"column":4},"end":{"line":7,"column":30}},"2":{"start":{"line":8,"column":4},"end":{"line":13,"column":5}},"3":{"start":{"line":9,"column":23},"end":{"line":9,"column":48}},"4":{"start":{"line":10,"column":8},"end":{"line":10,"column":44}},"5":{"start":{"line":12,"column":8},"end":{"line":12,"column":69}},"6":{"start":{"line":20,"column":4},"end":{"line":23,"column":6}},"7":{"start":{"line":27,"column":24},"end":{"line":29,"column":2}},"8":{"start":{"line":32,"column":33},"end":{"line":32,"column":74}},"9":{"start":{"line":32,"column":47},"end":{"line":32,"column":74}},"10":{"start":{"line":35,"column":30},"end":{"line":35,"column":71}},"11":{"start":{"line":35,"column":44},"end":{"line":35,"column":71}},"12":{"start":{"line":38,"column":13},"end":{"line":47,"column":1}},"13":{"start":{"line":39,"column":4},"end":{"line":46,"column":10}},"14":{"start":{"line":42,"column":32},"end":{"line":42,"column":56}},"15":{"start":{"line":50,"column":0},"end":{"line":61,"column":3}}},"fnMap":{"0":{"name":"httpEffect","decl":{"start":{"line":4,"column":15},"end":{"line":4,"column":25}},"loc":{"start":{"line":4,"column":51},"end":{"line":14,"column":1}},"line":4},"1":{"name":"createHttpEffect","decl":{"start":{"line":19,"column":9},"end":{"line":19,"column":25}},"loc":{"start":{"line":19,"column":40},"end":{"line":24,"column":1}},"line":19},"2":{"name":"(anonymous_2)","decl":{"start":{"line":32,"column":33},"end":{"line":32,"column":34}},"loc":{"start":{"line":32,"column":47},"end":{"line":32,"column":74}},"line":32},"3":{"name":"(anonymous_3)","decl":{"start":{"line":35,"column":30},"end":{"line":35,"column":31}},"loc":{"start":{"line":35,"column":44},"end":{"line":35,"column":71}},"line":35},"4":{"name":"(anonymous_4)","decl":{"start":{"line":38,"column":13},"end":{"line":38,"column":14}},"loc":{"start":{"line":39,"column":4},"end":{"line":46,"column":10}},"line":39},"5":{"name":"(anonymous_5)","decl":{"start":{"line":42,"column":26},"end":{"line":42,"column":27}},"loc":{"start":{"line":42,"column":32},"end":{"line":42,"column":56}},"line":42}},"branchMap":{},"s":{"0":0,"1":0,"2":0,"3":0,"4":0,"5":0,"6":0,"7":0,"8":0,"9":0,"10":0,"11":0,"12":0,"13":0,"14":0,"15":0},"f":{"0":0,"1":0,"2":0,"3":0,"4":0,"5":0},"b":{}}
,"/Users/pragathi.pasumarthi/Documents/tectonic/seismic-component/src/component-context/index.js": {"path":"/Users/pragathi.pasumarthi/Documents/tectonic/seismic-component/src/component-context/index.js","statementMap":{"0":{"start":{"line":5,"column":21},"end":{"line":15,"column":2}},"1":{"start":{"line":18,"column":0},"end":{"line":55,"column":3}},"2":{"start":{"line":30,"column":4},"end":{"line":53,"column":6}}},"fnMap":{"0":{"name":"(anonymous_0)","decl":{"start":{"line":29,"column":2},"end":{"line":29,"column":3}},"loc":{"start":{"line":29,"column":29},"end":{"line":54,"column":3}},"line":29}},"branchMap":{},"s":{"0":0,"1":0,"2":0},"f":{"0":0},"b":{}}
,"/Users/pragathi.pasumarthi/Documents/tectonic/seismic-component/src/component-lifecycle-action-handler/index.js": {"path":"/Users/pragathi.pasumarthi/Documents/tectonic/seismic-component/src/component-lifecycle-action-handler/index.js","statementMap":{"0":{"start":{"line":4,"column":33},"end":{"line":4,"column":44}},"1":{"start":{"line":5,"column":13},"end":{"line":21,"column":1}},"2":{"start":{"line":6,"column":4},"end":{"line":20,"column":6}},"3":{"start":{"line":23,"column":0},"end":{"line":45,"column":3}},"4":{"start":{"line":30,"column":16},"end":{"line":30,"column":22}},"5":{"start":{"line":31,"column":12},"end":{"line":34,"column":13}},"6":{"start":{"line":33,"column":16},"end":{"line":33,"column":74}},"7":{"start":{"line":41,"column":16},"end":{"line":41,"column":58}}},"fnMap":{"0":{"name":"(anonymous_0)","decl":{"start":{"line":5,"column":13},"end":{"line":5,"column":14}},"loc":{"start":{"line":5,"column":67},"end":{"line":21,"column":1}},"line":5},"1":{"name":"(anonymous_1)","decl":{"start":{"line":27,"column":34},"end":{"line":27,"column":35}},"loc":{"start":{"line":27,"column":48},"end":{"line":35,"column":9}},"line":27},"2":{"name":"(anonymous_2)","decl":{"start":{"line":40,"column":12},"end":{"line":40,"column":13}},"loc":{"start":{"line":40,"column":30},"end":{"line":42,"column":13}},"line":40}},"branchMap":{"0":{"loc":{"start":{"line":31,"column":12},"end":{"line":34,"column":13}},"type":"if","locations":[{"start":{"line":31,"column":12},"end":{"line":34,"column":13}},{"start":{},"end":{}}],"line":31}},"s":{"0":0,"1":0,"2":0,"3":0,"4":0,"5":0,"6":0,"7":0},"f":{"0":0,"1":0,"2":0},"b":{"0":[0,0]}}
,"/Users/pragathi.pasumarthi/Documents/tectonic/seismic-component/src/component-update-properties/index.js": {"path":"/Users/pragathi.pasumarthi/Documents/tectonic/seismic-component/src/component-update-properties/index.js","statementMap":{"0":{"start":{"line":4,"column":13},"end":{"line":6,"column":1}},"1":{"start":{"line":5,"column":4},"end":{"line":5,"column":83}},"2":{"start":{"line":5,"column":27},"end":{"line":5,"column":59}},"3":{"start":{"line":8,"column":0},"end":{"line":14,"column":3}}},"fnMap":{"0":{"name":"(anonymous_0)","decl":{"start":{"line":4,"column":13},"end":{"line":4,"column":14}},"loc":{"start":{"line":5,"column":4},"end":{"line":5,"column":83}},"line":5},"1":{"name":"(anonymous_1)","decl":{"start":{"line":5,"column":22},"end":{"line":5,"column":23}},"loc":{"start":{"line":5,"column":27},"end":{"line":5,"column":59}},"line":5}},"branchMap":{},"s":{"0":0,"1":0,"2":0,"3":0},"f":{"0":0,"1":0},"b":{}}
,"/Users/pragathi.pasumarthi/Documents/tectonic/seismic-component/src/component-view/index.js": {"path":"/Users/pragathi.pasumarthi/Documents/tectonic/seismic-component/src/component-view/index.js","statementMap":{"0":{"start":{"line":4,"column":0},"end":{"line":32,"column":3}},"1":{"start":{"line":7,"column":8},"end":{"line":30,"column":10}},"2":{"start":{"line":12,"column":24},"end":{"line":16,"column":27}},"3":{"start":{"line":24,"column":24},"end":{"line":24,"column":58}}},"fnMap":{"0":{"name":"(anonymous_0)","decl":{"start":{"line":6,"column":4},"end":{"line":6,"column":5}},"loc":{"start":{"line":6,"column":66},"end":{"line":31,"column":5}},"line":6},"1":{"name":"(anonymous_1)","decl":{"start":{"line":11,"column":30},"end":{"line":11,"column":31}},"loc":{"start":{"line":11,"column":35},"end":{"line":17,"column":21}},"line":11},"2":{"name":"(anonymous_2)","decl":{"start":{"line":23,"column":30},"end":{"line":23,"column":31}},"loc":{"start":{"line":23,"column":35},"end":{"line":25,"column":21}},"line":23}},"branchMap":{},"s":{"0":0,"1":0,"2":0,"3":0},"f":{"0":0,"1":0,"2":0},"b":{}}
,"/Users/pragathi.pasumarthi/Documents/tectonic/seismic-component/src/example-hello-world/index.js": {"path":"/Users/pragathi.pasumarthi/Documents/tectonic/seismic-component/src/example-hello-world/index.js","statementMap":{"0":{"start":{"line":5,"column":13},"end":{"line":11,"column":1}},"1":{"start":{"line":6,"column":1},"end":{"line":10,"column":7}},"2":{"start":{"line":13,"column":0},"end":{"line":17,"column":3}}},"fnMap":{"0":{"name":"(anonymous_0)","decl":{"start":{"line":5,"column":13},"end":{"line":5,"column":14}},"loc":{"start":{"line":6,"column":1},"end":{"line":10,"column":7}},"line":6}},"branchMap":{},"s":{"0":0,"1":0,"2":0},"f":{"0":0},"b":{}}
,"/Users/pragathi.pasumarthi/Documents/tectonic/seismic-component/src/my-tag/constants.js": {"path":"/Users/pragathi.pasumarthi/Documents/tectonic/seismic-component/src/my-tag/constants.js","statementMap":{"0":{"start":{"line":4,"column":29},"end":{"line":4,"column":44}}},"fnMap":{},"branchMap":{},"s":{"0":0},"f":{},"b":{}}
,"/Users/pragathi.pasumarthi/Documents/tectonic/seismic-component/src/my-tag/index.js": {"path":"/Users/pragathi.pasumarthi/Documents/tectonic/seismic-component/src/my-tag/index.js","statementMap":{"0":{"start":{"line":3,"column":37},"end":{"line":3,"column":48}},"1":{"start":{"line":5,"column":0},"end":{"line":38,"column":3}},"2":{"start":{"line":7,"column":24},"end":{"line":7,"column":29}},"3":{"start":{"line":8,"column":8},"end":{"line":23,"column":10}},"4":{"start":{"line":12,"column":58},"end":{"line":12,"column":94}},"5":{"start":{"line":17,"column":58},"end":{"line":17,"column":86}},"6":{"start":{"line":26,"column":29},"end":{"line":26,"column":34}},"7":{"start":{"line":27,"column":8},"end":{"line":27,"column":26}},"8":{"start":{"line":35,"column":12},"end":{"line":35,"column":47}}},"fnMap":{"0":{"name":"(anonymous_0)","decl":{"start":{"line":6,"column":4},"end":{"line":6,"column":5}},"loc":{"start":{"line":6,"column":36},"end":{"line":24,"column":5}},"line":6},"1":{"name":"(anonymous_1)","decl":{"start":{"line":12,"column":52},"end":{"line":12,"column":53}},"loc":{"start":{"line":12,"column":58},"end":{"line":12,"column":94}},"line":12},"2":{"name":"(anonymous_2)","decl":{"start":{"line":17,"column":52},"end":{"line":17,"column":53}},"loc":{"start":{"line":17,"column":58},"end":{"line":17,"column":86}},"line":17},"3":{"name":"(anonymous_3)","decl":{"start":{"line":25,"column":4},"end":{"line":25,"column":5}},"loc":{"start":{"line":25,"column":26},"end":{"line":28,"column":5}},"line":25},"4":{"name":"(anonymous_4)","decl":{"start":{"line":34,"column":8},"end":{"line":34,"column":9}},"loc":{"start":{"line":34,"column":70},"end":{"line":36,"column":9}},"line":34}},"branchMap":{},"s":{"0":0,"1":0,"2":0,"3":0,"4":0,"5":0,"6":0,"7":0,"8":0},"f":{"0":0,"1":0,"2":0,"3":0,"4":0},"b":{}}
,"/Users/pragathi.pasumarthi/Documents/tectonic/seismic-component/src/my-tag/__func__/myTag.func.test.js": {"path":"/Users/pragathi.pasumarthi/Documents/tectonic/seismic-component/src/my-tag/__func__/myTag.func.test.js","statementMap":{"0":{"start":{"line":13,"column":0},"end":{"line":13,"column":15}},"1":{"start":{"line":15,"column":0},"end":{"line":147,"column":3}},"2":{"start":{"line":17,"column":29},"end":{"line":20,"column":2}},"3":{"start":{"line":25,"column":1},"end":{"line":28,"column":4}},"4":{"start":{"line":26,"column":2},"end":{"line":26,"column":34}},"5":{"start":{"line":27,"column":2},"end":{"line":27,"column":60}},"6":{"start":{"line":30,"column":1},"end":{"line":34,"column":4}},"7":{"start":{"line":31,"column":2},"end":{"line":31,"column":24}},"8":{"start":{"line":32,"column":2},"end":{"line":32,"column":16}},"9":{"start":{"line":33,"column":2},"end":{"line":33,"column":18}},"10":{"start":{"line":36,"column":1},"end":{"line":42,"column":4}},"11":{"start":{"line":37,"column":21},"end":{"line":37,"column":55}},"12":{"start":{"line":38,"column":2},"end":{"line":38,"column":28}},"13":{"start":{"line":40,"column":21},"end":{"line":40,"column":49}},"14":{"start":{"line":41,"column":2},"end":{"line":41,"column":30}},"15":{"start":{"line":44,"column":1},"end":{"line":47,"column":4}},"16":{"start":{"line":45,"column":22},"end":{"line":45,"column":51}},"17":{"start":{"line":46,"column":2},"end":{"line":46,"column":45}},"18":{"start":{"line":49,"column":1},"end":{"line":55,"column":4}},"19":{"start":{"line":50,"column":30},"end":{"line":50,"column":67}},"20":{"start":{"line":51,"column":26},"end":{"line":51,"column":59}},"21":{"start":{"line":53,"column":2},"end":{"line":53,"column":49}},"22":{"start":{"line":54,"column":2},"end":{"line":54,"column":41}},"23":{"start":{"line":57,"column":1},"end":{"line":63,"column":4}},"24":{"start":{"line":58,"column":2},"end":{"line":58,"column":38}},"25":{"start":{"line":59,"column":2},"end":{"line":59,"column":21}},"26":{"start":{"line":61,"column":21},"end":{"line":61,"column":49}},"27":{"start":{"line":62,"column":2},"end":{"line":62,"column":30}},"28":{"start":{"line":65,"column":1},"end":{"line":76,"column":4}},"29":{"start":{"line":67,"column":2},"end":{"line":67,"column":38}},"30":{"start":{"line":68,"column":2},"end":{"line":68,"column":21}},"31":{"start":{"line":69,"column":2},"end":{"line":69,"column":38}},"32":{"start":{"line":70,"column":2},"end":{"line":70,"column":21}},"33":{"start":{"line":71,"column":2},"end":{"line":71,"column":38}},"34":{"start":{"line":72,"column":2},"end":{"line":72,"column":21}},"35":{"start":{"line":74,"column":21},"end":{"line":74,"column":49}},"36":{"start":{"line":75,"column":2},"end":{"line":75,"column":30}},"37":{"start":{"line":78,"column":1},"end":{"line":84,"column":4}},"38":{"start":{"line":79,"column":2},"end":{"line":79,"column":34}},"39":{"start":{"line":80,"column":2},"end":{"line":80,"column":21}},"40":{"start":{"line":82,"column":21},"end":{"line":82,"column":49}},"41":{"start":{"line":83,"column":2},"end":{"line":83,"column":30}},"42":{"start":{"line":86,"column":1},"end":{"line":100,"column":4}},"43":{"start":{"line":87,"column":17},"end":{"line":94,"column":3}},"44":{"start":{"line":91,"column":4},"end":{"line":91,"column":40}},"45":{"start":{"line":92,"column":4},"end":{"line":92,"column":23}},"46":{"start":{"line":96,"column":2},"end":{"line":96,"column":27}},"47":{"start":{"line":97,"column":2},"end":{"line":97,"column":45}},"48":{"start":{"line":98,"column":2},"end":{"line":98,"column":35}},"49":{"start":{"line":99,"column":2},"end":{"line":99,"column":40}},"50":{"start":{"line":102,"column":1},"end":{"line":119,"column":4}},"51":{"start":{"line":104,"column":2},"end":{"line":104,"column":38}},"52":{"start":{"line":105,"column":2},"end":{"line":105,"column":21}},"53":{"start":{"line":107,"column":17},"end":{"line":114,"column":3}},"54":{"start":{"line":111,"column":4},"end":{"line":111,"column":36}},"55":{"start":{"line":112,"column":4},"end":{"line":112,"column":23}},"56":{"start":{"line":116,"column":2},"end":{"line":116,"column":27}},"57":{"start":{"line":117,"column":2},"end":{"line":117,"column":45}},"58":{"start":{"line":118,"column":2},"end":{"line":118,"column":40}},"59":{"start":{"line":121,"column":1},"end":{"line":142,"column":4}},"60":{"start":{"line":123,"column":2},"end":{"line":123,"column":18}},"61":{"start":{"line":125,"column":59},"end":{"line":128,"column":3}},"62":{"start":{"line":130,"column":26},"end":{"line":130,"column":46}},"63":{"start":{"line":131,"column":23},"end":{"line":131,"column":72}},"64":{"start":{"line":133,"column":21},"end":{"line":133,"column":55}},"65":{"start":{"line":134,"column":2},"end":{"line":134,"column":31}},"66":{"start":{"line":137,"column":2},"end":{"line":137,"column":24}},"67":{"start":{"line":140,"column":2},"end":{"line":140,"column":34}},"68":{"start":{"line":141,"column":2},"end":{"line":141,"column":60}},"69":{"start":{"line":144,"column":1},"end":{"line":146,"column":4}},"70":{"start":{"line":145,"column":2},"end":{"line":145,"column":44}}},"fnMap":{"0":{"name":"(anonymous_0)","decl":{"start":{"line":15,"column":46},"end":{"line":15,"column":47}},"loc":{"start":{"line":15,"column":52},"end":{"line":147,"column":1}},"line":15},"1":{"name":"(anonymous_1)","decl":{"start":{"line":25,"column":8},"end":{"line":25,"column":9}},"loc":{"start":{"line":25,"column":20},"end":{"line":28,"column":2}},"line":25},"2":{"name":"(anonymous_2)","decl":{"start":{"line":30,"column":7},"end":{"line":30,"column":8}},"loc":{"start":{"line":30,"column":19},"end":{"line":34,"column":2}},"line":30},"3":{"name":"(anonymous_3)","decl":{"start":{"line":36,"column":60},"end":{"line":36,"column":61}},"loc":{"start":{"line":36,"column":72},"end":{"line":42,"column":2}},"line":36},"4":{"name":"(anonymous_4)","decl":{"start":{"line":44,"column":42},"end":{"line":44,"column":43}},"loc":{"start":{"line":44,"column":54},"end":{"line":47,"column":2}},"line":44},"5":{"name":"(anonymous_5)","decl":{"start":{"line":49,"column":67},"end":{"line":49,"column":68}},"loc":{"start":{"line":49,"column":79},"end":{"line":55,"column":2}},"line":49},"6":{"name":"(anonymous_6)","decl":{"start":{"line":57,"column":63},"end":{"line":57,"column":64}},"loc":{"start":{"line":57,"column":75},"end":{"line":63,"column":2}},"line":57},"7":{"name":"(anonymous_7)","decl":{"start":{"line":65,"column":45},"end":{"line":65,"column":46}},"loc":{"start":{"line":65,"column":57},"end":{"line":76,"column":2}},"line":65},"8":{"name":"(anonymous_8)","decl":{"start":{"line":78,"column":60},"end":{"line":78,"column":61}},"loc":{"start":{"line":78,"column":72},"end":{"line":84,"column":2}},"line":78},"9":{"name":"(anonymous_9)","decl":{"start":{"line":86,"column":66},"end":{"line":86,"column":67}},"loc":{"start":{"line":86,"column":78},"end":{"line":100,"column":2}},"line":86},"10":{"name":"(anonymous_10)","decl":{"start":{"line":90,"column":3},"end":{"line":90,"column":4}},"loc":{"start":{"line":90,"column":15},"end":{"line":93,"column":4}},"line":90},"11":{"name":"(anonymous_11)","decl":{"start":{"line":102,"column":58},"end":{"line":102,"column":59}},"loc":{"start":{"line":102,"column":70},"end":{"line":119,"column":2}},"line":102},"12":{"name":"(anonymous_12)","decl":{"start":{"line":110,"column":3},"end":{"line":110,"column":4}},"loc":{"start":{"line":110,"column":15},"end":{"line":113,"column":4}},"line":110},"13":{"name":"(anonymous_13)","decl":{"start":{"line":121,"column":51},"end":{"line":121,"column":52}},"loc":{"start":{"line":121,"column":63},"end":{"line":142,"column":2}},"line":121},"14":{"name":"(anonymous_14)","decl":{"start":{"line":144,"column":38},"end":{"line":144,"column":39}},"loc":{"start":{"line":144,"column":50},"end":{"line":146,"column":2}},"line":144}},"branchMap":{},"s":{"0":0,"1":0,"2":0,"3":0,"4":0,"5":0,"6":0,"7":0,"8":0,"9":0,"10":0,"11":0,"12":0,"13":0,"14":0,"15":0,"16":0,"17":0,"18":0,"19":0,"20":0,"21":0,"22":0,"23":0,"24":0,"25":0,"26":0,"27":0,"28":0,"29":0,"30":0,"31":0,"32":0,"33":0,"34":0,"35":0,"36":0,"37":0,"38":0,"39":0,"40":0,"41":0,"42":0,"43":0,"44":0,"45":0,"46":0,"47":0,"48":0,"49":0,"50":0,"51":0,"52":0,"53":0,"54":0,"55":0,"56":0,"57":0,"58":0,"59":0,"60":0,"61":0,"62":0,"63":0,"64":0,"65":0,"66":0,"67":0,"68":0,"69":0,"70":0},"f":{"0":0,"1":0,"2":0,"3":0,"4":0,"5":0,"6":0,"7":0,"8":0,"9":0,"10":0,"11":0,"12":0,"13":0,"14":0},"b":{}}
,"/Users/pragathi.pasumarthi/Documents/tectonic/seismic-component/src/my-tag/__func__/myTag.simple.func.test.js": {"path":"/Users/pragathi.pasumarthi/Documents/tectonic/seismic-component/src/my-tag/__func__/myTag.simple.func.test.js","statementMap":{},"fnMap":{},"branchMap":{},"s":{},"f":{},"b":{}}
,"/Users/pragathi.pasumarthi/Documents/tectonic/seismic-component/src/my-tag/drivers/myTag.driver.js": {"path":"/Users/pragathi.pasumarthi/Documents/tectonic/seismic-component/src/my-tag/drivers/myTag.driver.js","statementMap":{"0":{"start":{"line":8,"column":33},"end":{"line":87,"column":1}},"1":{"start":{"line":12,"column":2},"end":{"line":16,"column":12}},"2":{"start":{"line":13,"column":28},"end":{"line":13,"column":45}},"3":{"start":{"line":14,"column":22},"end":{"line":14,"column":57}},"4":{"start":{"line":15,"column":3},"end":{"line":15,"column":29}},"5":{"start":{"line":18,"column":2},"end":{"line":85,"column":4}},"6":{"start":{"line":24,"column":25},"end":{"line":24,"column":59}},"7":{"start":{"line":25,"column":17},"end":{"line":25,"column":45}},"8":{"start":{"line":26,"column":4},"end":{"line":26,"column":24}},"9":{"start":{"line":26,"column":15},"end":{"line":26,"column":24}},"10":{"start":{"line":28,"column":18},"end":{"line":28,"column":46}},"11":{"start":{"line":29,"column":4},"end":{"line":29,"column":46}},"12":{"start":{"line":37,"column":28},"end":{"line":37,"column":66}},"13":{"start":{"line":38,"column":4},"end":{"line":38,"column":34}},"14":{"start":{"line":46,"column":24},"end":{"line":46,"column":62}},"15":{"start":{"line":47,"column":4},"end":{"line":47,"column":30}},"16":{"start":{"line":55,"column":28},"end":{"line":55,"column":66}},"17":{"start":{"line":56,"column":4},"end":{"line":56,"column":43}},"18":{"start":{"line":64,"column":24},"end":{"line":64,"column":62}},"19":{"start":{"line":65,"column":4},"end":{"line":65,"column":39}},"20":{"start":{"line":73,"column":20},"end":{"line":73,"column":36}},"21":{"start":{"line":74,"column":4},"end":{"line":74,"column":35}},"22":{"start":{"line":82,"column":29},"end":{"line":82,"column":46}},"23":{"start":{"line":83,"column":4},"end":{"line":83,"column":47}}},"fnMap":{"0":{"name":"(anonymous_0)","decl":{"start":{"line":10,"column":1},"end":{"line":10,"column":2}},"loc":{"start":{"line":10,"column":21},"end":{"line":86,"column":2}},"line":10},"1":{"name":"(anonymous_1)","decl":{"start":{"line":12,"column":19},"end":{"line":12,"column":20}},"loc":{"start":{"line":12,"column":31},"end":{"line":16,"column":3}},"line":12},"2":{"name":"(anonymous_2)","decl":{"start":{"line":23,"column":3},"end":{"line":23,"column":4}},"loc":{"start":{"line":23,"column":25},"end":{"line":30,"column":4}},"line":23},"3":{"name":"(anonymous_3)","decl":{"start":{"line":36,"column":3},"end":{"line":36,"column":4}},"loc":{"start":{"line":36,"column":32},"end":{"line":39,"column":4}},"line":36},"4":{"name":"(anonymous_4)","decl":{"start":{"line":45,"column":3},"end":{"line":45,"column":4}},"loc":{"start":{"line":45,"column":28},"end":{"line":48,"column":4}},"line":45},"5":{"name":"(anonymous_5)","decl":{"start":{"line":54,"column":3},"end":{"line":54,"column":4}},"loc":{"start":{"line":54,"column":34},"end":{"line":57,"column":4}},"line":54},"6":{"name":"(anonymous_6)","decl":{"start":{"line":63,"column":3},"end":{"line":63,"column":4}},"loc":{"start":{"line":63,"column":30},"end":{"line":66,"column":4}},"line":63},"7":{"name":"(anonymous_7)","decl":{"start":{"line":72,"column":3},"end":{"line":72,"column":4}},"loc":{"start":{"line":72,"column":26},"end":{"line":75,"column":4}},"line":72},"8":{"name":"(anonymous_8)","decl":{"start":{"line":81,"column":3},"end":{"line":81,"column":4}},"loc":{"start":{"line":81,"column":31},"end":{"line":84,"column":4}},"line":81}},"branchMap":{"0":{"loc":{"start":{"line":26,"column":4},"end":{"line":26,"column":24}},"type":"if","locations":[{"start":{"line":26,"column":4},"end":{"line":26,"column":24}},{"start":{},"end":{}}],"line":26},"1":{"loc":{"start":{"line":29,"column":11},"end":{"line":29,"column":45}},"type":"cond-expr","locations":[{"start":{"line":29,"column":19},"end":{"line":29,"column":41}},{"start":{"line":29,"column":44},"end":{"line":29,"column":45}}],"line":29}},"s":{"0":0,"1":0,"2":0,"3":0,"4":0,"5":0,"6":0,"7":0,"8":0,"9":0,"10":0,"11":0,"12":0,"13":0,"14":0,"15":0,"16":0,"17":0,"18":0,"19":0,"20":0,"21":0,"22":0,"23":0},"f":{"0":0,"1":0,"2":0,"3":0,"4":0,"5":0,"6":0,"7":0,"8":0},"b":{"0":[0,0],"1":[0,0]}}
}
